<?xml version="1.0" encoding="UTF-8"?>
<coverage generated="1713774961173" clover="3.2.0">
  <project timestamp="1713774961173" name="All files">
    <metrics statements="54" coveredstatements="54" conditionals="5" coveredconditionals="5" methods="19" coveredmethods="19" elements="78" coveredelements="78" complexity="0" loc="54" ncloc="54" packages="1" files="2" classes="2"/>
    <file name="index.js" path="/Users/sergeybaev/hexlet-projects/frontend-project-46/src/index.js">
      <metrics statements="15" coveredstatements="15" conditionals="0" coveredconditionals="0" methods="3" coveredmethods="3"/>
      <line num="14" count="1" type="stmt"/>
      <line num="15" count="2" type="stmt"/>
      <line num="16" count="2" type="stmt"/>
      <line num="17" count="2" type="stmt"/>
      <line num="18" count="2" type="stmt"/>
      <line num="19" count="2" type="stmt"/>
      <line num="21" count="1" type="stmt"/>
      <line num="22" count="2" type="stmt"/>
      <line num="24" count="2" type="stmt"/>
      <line num="25" count="2" type="stmt"/>
      <line num="26" count="2" type="stmt"/>
      <line num="27" count="2" type="stmt"/>
      <line num="29" count="10" type="stmt"/>
      <line num="30" count="2" type="stmt"/>
      <line num="31" count="2" type="stmt"/>
    </file>
    <file name="utils.js" path="/Users/sergeybaev/hexlet-projects/frontend-project-46/src/utils.js">
      <metrics statements="39" coveredstatements="39" conditionals="5" coveredconditionals="5" methods="16" coveredmethods="16"/>
      <line num="1" count="2" type="stmt"/>
      <line num="2" count="2" type="stmt"/>
      <line num="3" count="2" type="stmt"/>
      <line num="5" count="2" type="stmt"/>
      <line num="6" count="6" type="stmt"/>
      <line num="7" count="2" type="stmt"/>
      <line num="9" count="2" type="stmt"/>
      <line num="12" count="2" type="stmt"/>
      <line num="13" count="2" type="stmt"/>
      <line num="14" count="2" type="stmt"/>
      <line num="16" count="2" type="stmt"/>
      <line num="17" count="8" type="stmt"/>
      <line num="18" count="4" type="stmt"/>
      <line num="20" count="2" type="stmt"/>
      <line num="23" count="2" type="stmt"/>
      <line num="24" count="2" type="stmt"/>
      <line num="25" count="2" type="stmt"/>
      <line num="27" count="2" type="stmt"/>
      <line num="28" count="6" type="stmt"/>
      <line num="29" count="4" type="stmt"/>
      <line num="30" count="2" type="stmt"/>
      <line num="32" count="2" type="stmt"/>
      <line num="35" count="2" type="stmt"/>
      <line num="36" count="2" type="stmt"/>
      <line num="37" count="2" type="stmt"/>
      <line num="39" count="2" type="stmt"/>
      <line num="40" count="6" type="stmt"/>
      <line num="41" count="4" type="stmt"/>
      <line num="42" count="2" type="stmt"/>
      <line num="49" count="2" type="stmt"/>
      <line num="52" count="2" type="stmt"/>
      <line num="53" count="5" type="stmt"/>
      <line num="54" count="21" type="cond" truecount="5" falsecount="0"/>
      <line num="56" count="4" type="stmt"/>
      <line num="58" count="4" type="stmt"/>
      <line num="60" count="4" type="stmt"/>
      <line num="62" count="8" type="stmt"/>
      <line num="64" count="1" type="stmt"/>
      <line num="68" count="4" type="stmt"/>
    </file>
  </project>
</coverage>
