{"/Users/sergeybaev/hexlet-projects/frontend-project-46/src/index.js": {"path":"/Users/sergeybaev/hexlet-projects/frontend-project-46/src/index.js","statementMap":{"0":{"start":{"line":14,"column":19},"end":{"line":20,"column":1}},"1":{"start":{"line":15,"column":20},"end":{"line":15,"column":54}},"2":{"start":{"line":16,"column":20},"end":{"line":16,"column":54}},"3":{"start":{"line":17,"column":20},"end":{"line":17,"column":67}},"4":{"start":{"line":18,"column":20},"end":{"line":18,"column":67}},"5":{"start":{"line":19,"column":2},"end":{"line":19,"column":32}},"6":{"start":{"line":21,"column":16},"end":{"line":32,"column":1}},"7":{"start":{"line":22,"column":42},"end":{"line":22,"column":66}},"8":{"start":{"line":24,"column":16},"end":{"line":24,"column":60}},"9":{"start":{"line":25,"column":18},"end":{"line":25,"column":64}},"10":{"start":{"line":26,"column":18},"end":{"line":26,"column":64}},"11":{"start":{"line":27,"column":20},"end":{"line":27,"column":68}},"12":{"start":{"line":29,"column":15},"end":{"line":29,"column":95}},"13":{"start":{"line":29,"column":85},"end":{"line":29,"column":93}},"14":{"start":{"line":30,"column":2},"end":{"line":30,"column":34}},"15":{"start":{"line":31,"column":2},"end":{"line":31,"column":28}}},"fnMap":{"0":{"name":"(anonymous_0)","decl":{"start":{"line":14,"column":19},"end":{"line":14,"column":20}},"loc":{"start":{"line":14,"column":37},"end":{"line":20,"column":1}},"line":14},"1":{"name":"(anonymous_1)","decl":{"start":{"line":21,"column":16},"end":{"line":21,"column":17}},"loc":{"start":{"line":21,"column":34},"end":{"line":32,"column":1}},"line":21},"2":{"name":"(anonymous_2)","decl":{"start":{"line":29,"column":75},"end":{"line":29,"column":76}},"loc":{"start":{"line":29,"column":85},"end":{"line":29,"column":93}},"line":29}},"branchMap":{},"s":{"0":1,"1":2,"2":2,"3":2,"4":2,"5":2,"6":1,"7":2,"8":2,"9":2,"10":2,"11":2,"12":2,"13":10,"14":2,"15":2},"f":{"0":2,"1":2,"2":10},"b":{},"_coverageSchema":"1a1c01bbd47fc00a2c39e90264f33305004495a9","hash":"d79c9571bb06551942234c6bacb5964f6a70d4ce"}
,"/Users/sergeybaev/hexlet-projects/frontend-project-46/src/utils.js": {"path":"/Users/sergeybaev/hexlet-projects/frontend-project-46/src/utils.js","statementMap":{"0":{"start":{"line":1,"column":22},"end":{"line":10,"column":1}},"1":{"start":{"line":2,"column":26},"end":{"line":2,"column":52}},"2":{"start":{"line":3,"column":27},"end":{"line":3,"column":54}},"3":{"start":{"line":5,"column":21},"end":{"line":7,"column":80}},"4":{"start":{"line":6,"column":21},"end":{"line":6,"column":51}},"5":{"start":{"line":7,"column":19},"end":{"line":7,"column":78}},"6":{"start":{"line":9,"column":2},"end":{"line":9,"column":20}},"7":{"start":{"line":12,"column":24},"end":{"line":21,"column":1}},"8":{"start":{"line":13,"column":26},"end":{"line":13,"column":52}},"9":{"start":{"line":14,"column":27},"end":{"line":14,"column":54}},"10":{"start":{"line":16,"column":23},"end":{"line":18,"column":81}},"11":{"start":{"line":17,"column":21},"end":{"line":17,"column":52}},"12":{"start":{"line":18,"column":19},"end":{"line":18,"column":79}},"13":{"start":{"line":20,"column":2},"end":{"line":20,"column":22}},"14":{"start":{"line":23,"column":26},"end":{"line":33,"column":1}},"15":{"start":{"line":24,"column":26},"end":{"line":24,"column":52}},"16":{"start":{"line":25,"column":27},"end":{"line":25,"column":54}},"17":{"start":{"line":27,"column":25},"end":{"line":30,"column":84}},"18":{"start":{"line":28,"column":21},"end":{"line":28,"column":50}},"19":{"start":{"line":29,"column":21},"end":{"line":29,"column":63}},"20":{"start":{"line":30,"column":19},"end":{"line":30,"column":82}},"21":{"start":{"line":32,"column":2},"end":{"line":32,"column":24}},"22":{"start":{"line":35,"column":24},"end":{"line":50,"column":1}},"23":{"start":{"line":36,"column":26},"end":{"line":36,"column":52}},"24":{"start":{"line":37,"column":27},"end":{"line":37,"column":54}},"25":{"start":{"line":39,"column":23},"end":{"line":47,"column":7}},"26":{"start":{"line":40,"column":21},"end":{"line":40,"column":50}},"27":{"start":{"line":41,"column":21},"end":{"line":41,"column":63}},"28":{"start":{"line":42,"column":19},"end":{"line":47,"column":5}},"29":{"start":{"line":49,"column":2},"end":{"line":49,"column":22}},"30":{"start":{"line":52,"column":21},"end":{"line":71,"column":1}},"31":{"start":{"line":53,"column":14},"end":{"line":66,"column":4}},"32":{"start":{"line":54,"column":4},"end":{"line":65,"column":5}},"33":{"start":{"line":56,"column":8},"end":{"line":56,"column":86}},"34":{"start":{"line":58,"column":8},"end":{"line":58,"column":48}},"35":{"start":{"line":60,"column":8},"end":{"line":60,"column":48}},"36":{"start":{"line":62,"column":8},"end":{"line":62,"column":48}},"37":{"start":{"line":64,"column":8},"end":{"line":64,"column":34}},"38":{"start":{"line":68,"column":2},"end":{"line":70,"column":3}}},"fnMap":{"0":{"name":"(anonymous_0)","decl":{"start":{"line":1,"column":22},"end":{"line":1,"column":23}},"loc":{"start":{"line":1,"column":57},"end":{"line":10,"column":1}},"line":1},"1":{"name":"(anonymous_1)","decl":{"start":{"line":6,"column":12},"end":{"line":6,"column":13}},"loc":{"start":{"line":6,"column":21},"end":{"line":6,"column":51}},"line":6},"2":{"name":"(anonymous_2)","decl":{"start":{"line":7,"column":9},"end":{"line":7,"column":10}},"loc":{"start":{"line":7,"column":19},"end":{"line":7,"column":78}},"line":7},"3":{"name":"(anonymous_3)","decl":{"start":{"line":12,"column":24},"end":{"line":12,"column":25}},"loc":{"start":{"line":12,"column":59},"end":{"line":21,"column":1}},"line":12},"4":{"name":"(anonymous_4)","decl":{"start":{"line":17,"column":12},"end":{"line":17,"column":13}},"loc":{"start":{"line":17,"column":21},"end":{"line":17,"column":52}},"line":17},"5":{"name":"(anonymous_5)","decl":{"start":{"line":18,"column":9},"end":{"line":18,"column":10}},"loc":{"start":{"line":18,"column":19},"end":{"line":18,"column":79}},"line":18},"6":{"name":"(anonymous_6)","decl":{"start":{"line":23,"column":26},"end":{"line":23,"column":27}},"loc":{"start":{"line":23,"column":61},"end":{"line":33,"column":1}},"line":23},"7":{"name":"(anonymous_7)","decl":{"start":{"line":28,"column":12},"end":{"line":28,"column":13}},"loc":{"start":{"line":28,"column":21},"end":{"line":28,"column":50}},"line":28},"8":{"name":"(anonymous_8)","decl":{"start":{"line":29,"column":12},"end":{"line":29,"column":13}},"loc":{"start":{"line":29,"column":21},"end":{"line":29,"column":63}},"line":29},"9":{"name":"(anonymous_9)","decl":{"start":{"line":30,"column":9},"end":{"line":30,"column":10}},"loc":{"start":{"line":30,"column":19},"end":{"line":30,"column":82}},"line":30},"10":{"name":"(anonymous_10)","decl":{"start":{"line":35,"column":24},"end":{"line":35,"column":25}},"loc":{"start":{"line":35,"column":59},"end":{"line":50,"column":1}},"line":35},"11":{"name":"(anonymous_11)","decl":{"start":{"line":40,"column":12},"end":{"line":40,"column":13}},"loc":{"start":{"line":40,"column":21},"end":{"line":40,"column":50}},"line":40},"12":{"name":"(anonymous_12)","decl":{"start":{"line":41,"column":12},"end":{"line":41,"column":13}},"loc":{"start":{"line":41,"column":21},"end":{"line":41,"column":63}},"line":41},"13":{"name":"(anonymous_13)","decl":{"start":{"line":42,"column":9},"end":{"line":42,"column":10}},"loc":{"start":{"line":42,"column":19},"end":{"line":47,"column":5}},"line":42},"14":{"name":"(anonymous_14)","decl":{"start":{"line":52,"column":21},"end":{"line":52,"column":22}},"loc":{"start":{"line":52,"column":31},"end":{"line":71,"column":1}},"line":52},"15":{"name":"(anonymous_15)","decl":{"start":{"line":53,"column":23},"end":{"line":53,"column":24}},"loc":{"start":{"line":53,"column":33},"end":{"line":66,"column":3}},"line":53}},"branchMap":{"0":{"loc":{"start":{"line":54,"column":4},"end":{"line":65,"column":5}},"type":"switch","locations":[{"start":{"line":55,"column":6},"end":{"line":56,"column":86}},{"start":{"line":57,"column":6},"end":{"line":58,"column":48}},{"start":{"line":59,"column":6},"end":{"line":60,"column":48}},{"start":{"line":61,"column":6},"end":{"line":62,"column":48}},{"start":{"line":63,"column":6},"end":{"line":64,"column":34}}],"line":54}},"s":{"0":2,"1":2,"2":2,"3":2,"4":6,"5":2,"6":2,"7":2,"8":2,"9":2,"10":2,"11":8,"12":4,"13":2,"14":2,"15":2,"16":2,"17":2,"18":6,"19":4,"20":2,"21":2,"22":2,"23":2,"24":2,"25":2,"26":6,"27":4,"28":2,"29":2,"30":2,"31":5,"32":21,"33":4,"34":4,"35":4,"36":8,"37":1,"38":4},"f":{"0":2,"1":6,"2":2,"3":2,"4":8,"5":4,"6":2,"7":6,"8":4,"9":2,"10":2,"11":6,"12":4,"13":2,"14":5,"15":21},"b":{"0":[4,4,4,8,1]},"_coverageSchema":"1a1c01bbd47fc00a2c39e90264f33305004495a9","hash":"c60413bf489aa0e0b391d5481b69c75d99770c95"}
}
