TN:
SF:src/index.js
FN:14,(anonymous_0)
FN:21,(anonymous_1)
FN:29,(anonymous_2)
FNF:3
FNH:3
FNDA:2,(anonymous_0)
FNDA:2,(anonymous_1)
FNDA:10,(anonymous_2)
DA:14,1
DA:15,2
DA:16,2
DA:17,2
DA:18,2
DA:19,2
DA:21,1
DA:22,2
DA:24,2
DA:25,2
DA:26,2
DA:27,2
DA:29,10
DA:30,2
DA:31,2
LF:15
LH:15
BRF:0
BRH:0
end_of_record
TN:
SF:src/utils.js
FN:1,(anonymous_0)
FN:6,(anonymous_1)
FN:7,(anonymous_2)
FN:12,(anonymous_3)
FN:17,(anonymous_4)
FN:18,(anonymous_5)
FN:23,(anonymous_6)
FN:28,(anonymous_7)
FN:29,(anonymous_8)
FN:30,(anonymous_9)
FN:35,(anonymous_10)
FN:40,(anonymous_11)
FN:41,(anonymous_12)
FN:42,(anonymous_13)
FN:52,(anonymous_14)
FN:53,(anonymous_15)
FNF:16
FNH:16
FNDA:2,(anonymous_0)
FNDA:6,(anonymous_1)
FNDA:2,(anonymous_2)
FNDA:2,(anonymous_3)
FNDA:8,(anonymous_4)
FNDA:4,(anonymous_5)
FNDA:2,(anonymous_6)
FNDA:6,(anonymous_7)
FNDA:4,(anonymous_8)
FNDA:2,(anonymous_9)
FNDA:2,(anonymous_10)
FNDA:6,(anonymous_11)
FNDA:4,(anonymous_12)
FNDA:2,(anonymous_13)
FNDA:5,(anonymous_14)
FNDA:21,(anonymous_15)
DA:1,2
DA:2,2
DA:3,2
DA:5,2
DA:6,6
DA:7,2
DA:9,2
DA:12,2
DA:13,2
DA:14,2
DA:16,2
DA:17,8
DA:18,4
DA:20,2
DA:23,2
DA:24,2
DA:25,2
DA:27,2
DA:28,6
DA:29,4
DA:30,2
DA:32,2
DA:35,2
DA:36,2
DA:37,2
DA:39,2
DA:40,6
DA:41,4
DA:42,2
DA:49,2
DA:52,2
DA:53,5
DA:54,21
DA:56,4
DA:58,4
DA:60,4
DA:62,8
DA:64,1
DA:68,4
LF:39
LH:39
BRDA:54,0,0,4
BRDA:54,0,1,4
BRDA:54,0,2,4
BRDA:54,0,3,8
BRDA:54,0,4,1
BRF:5
BRH:5
end_of_record
